<?xml version="1.0" encoding="UTF-8"?>
<!-- Generated by org.testng.reporters.JUnitReportReporter -->
<testsuite hostname="Kompas" name="test.java.NewTest" tests="1" failures="0" timestamp="7 May 2015 20:43:03 GMT" time="167.501" errors="0">
  <testcase name="testAddDevice" time="167.501" classname="test.java.NewTest"/>
</testsuite> <!-- test.java.NewTest -->
