<?xml version="1.0" encoding="UTF-8"?>
<!-- Generated by org.testng.reporters.JUnitReportReporter -->
<testsuite hostname="Kompas" name="test.java.NewTest" tests="1" failures="0" timestamp="16 May 2015 14:06:59 GMT" time="35.971" errors="0">
  <testcase name="testControl" time="35.971" classname="test.java.NewTest"/>
</testsuite> <!-- test.java.NewTest -->
