<?xml version="1.0" encoding="UTF-8"?>
<!-- Generated by org.testng.reporters.JUnitReportReporter -->
<testsuite hostname="Kompas" name="test.java.NewTest" tests="1" failures="0" timestamp="8 Jun 2015 14:35:31 GMT" time="20.368" errors="0">
  <testcase name="testLogin" time="20.368" classname="test.java.NewTest"/>
</testsuite> <!-- test.java.NewTest -->
