<?xml version="1.0" encoding="UTF-8"?>
<!-- Generated by org.testng.reporters.JUnitReportReporter -->
<testsuite hostname="Kompas" name="Suites.IntegrationTest_1" tests="5" failures="0" timestamp="4 Aug 2015 14:05:04 GMT" time="445.269" errors="0">
  <testcase name="testDeleteDevice" time="22.180" classname="Suites.IntegrationTest_1"/>
  <testcase name="testAddDevice" time="223.381" classname="Suites.IntegrationTest_1"/>
  <testcase name="testLogin" time="27.393" classname="Suites.IntegrationTest_1"/>
  <testcase name="testControl" time="149.253" classname="Suites.IntegrationTest_1"/>
  <testcase name="testLogout" time="23.062" classname="Suites.IntegrationTest_1"/>
</testsuite> <!-- Suites.IntegrationTest_1 -->
