<?xml version="1.0" encoding="UTF-8"?>
<!-- Generated by org.testng.reporters.JUnitReportReporter -->
<testsuite hostname="Kompas" name="test.java.CloudTest.NewTest" tests="5" failures="0" timestamp="18 Jun 2015 11:28:48 GMT" time="249.540" errors="0">
  <testcase name="testAddDevice" time="121.531" classname="test.java.CloudTest.NewTest"/>
  <testcase name="testLogout" time="21.180" classname="test.java.CloudTest.NewTest"/>
  <testcase name="testLogin" time="20.057" classname="test.java.CloudTest.NewTest"/>
  <testcase name="testDeleteDevice" time="17.856" classname="test.java.CloudTest.NewTest"/>
  <testcase name="testControl" time="68.916" classname="test.java.CloudTest.NewTest"/>
</testsuite> <!-- test.java.CloudTest.NewTest -->
