<?xml version="1.0" encoding="UTF-8"?>
<!-- Generated by org.testng.reporters.JUnitReportReporter -->
<testsuite hostname="Kompas" name="Suites.IntegrationTest_1" tests="5" failures="0" timestamp="2 Aug 2015 19:26:27 GMT" time="473.761" errors="0">
  <testcase name="testLogout" time="69.720" classname="Suites.IntegrationTest_1"/>
  <testcase name="testLogin" time="39.117" classname="Suites.IntegrationTest_1"/>
  <testcase name="testAddDevice" time="207.266" classname="Suites.IntegrationTest_1"/>
  <testcase name="testDeleteDevice" time="34.770" classname="Suites.IntegrationTest_1"/>
  <testcase name="testControl" time="122.888" classname="Suites.IntegrationTest_1"/>
</testsuite> <!-- Suites.IntegrationTest_1 -->
