<?xml version="1.0" encoding="UTF-8"?>
<!-- Generated by org.testng.reporters.JUnitReportReporter -->
<testsuite hostname="Kompas" name="test.java.CloudTest.DevTest" tests="1" failures="0" timestamp="13 Jun 2015 13:43:09 GMT" time="41.368" errors="0">
  <testcase name="testLogin" time="41.368" classname="test.java.CloudTest.DevTest"/>
</testsuite> <!-- test.java.CloudTest.DevTest -->
