<?xml version="1.0" encoding="UTF-8"?>
<!-- Generated by org.testng.reporters.JUnitReportReporter -->
<testsuite hostname="Kompas" name="test.java.NewTest" tests="1" failures="0" timestamp="17 May 2015 20:03:16 GMT" time="69.829" errors="0">
  <testcase name="testControl" time="69.829" classname="test.java.NewTest"/>
</testsuite> <!-- test.java.NewTest -->
