<?xml version="1.0" encoding="UTF-8"?>
<!-- Generated by org.testng.reporters.JUnitReportReporter -->
<testsuite hostname="Kompas" name="test.java.NewTest" tests="1" failures="0" timestamp="21 May 2015 13:30:58 GMT" time="56.514" errors="0">
  <testcase name="testControl" time="56.514" classname="test.java.NewTest"/>
</testsuite> <!-- test.java.NewTest -->
