<?xml version="1.0" encoding="UTF-8"?>
<!-- Generated by org.testng.reporters.JUnitReportReporter -->
<testsuite hostname="Kompas" name="test.java.NewTest" tests="1" failures="0" timestamp="18 May 2015 08:43:31 GMT" time="57.876" errors="0">
  <testcase name="testControl" time="57.876" classname="test.java.NewTest"/>
</testsuite> <!-- test.java.NewTest -->
