<?xml version="1.0" encoding="UTF-8"?>
<!-- Generated by org.testng.reporters.JUnitReportReporter -->
<testsuite hostname="Kompas" name="test.java.NewTest" tests="5" failures="0" timestamp="17 May 2015 17:09:20 GMT" time="257.371" errors="0">
  <testcase name="testLogout" time="24.345" classname="test.java.NewTest"/>
  <testcase name="testAddDevice" time="122.208" classname="test.java.NewTest"/>
  <testcase name="testDeleteDevice" time="24.626" classname="test.java.NewTest"/>
  <testcase name="testLogin" time="40.656" classname="test.java.NewTest"/>
  <testcase name="testControl" time="45.536" classname="test.java.NewTest"/>
</testsuite> <!-- test.java.NewTest -->
